[09/04/23, 11:15:42:577] info: 
╔═══════════════════════════════════════════════╗
║      Slack 4.29.149, linux 6.1.50 on x64      ║
╚═══════════════════════════════════════════════╝ 
[09/04/23, 11:15:42:577] info: Configured logger via 
{
  "enableConsoleTransport": true,
  "identifierOverride": "webapp-auth-console",
  "shouldUseNewBackend": false,
  "loggerInstanceCount": 4
}
[09/04/23, 11:15:42:578] info: Predefined values for process 
{
  "NODE_ENV": "production",
  "platform": "linux",
  "type": "browser",
  "timeZone": "Europe/Belgrade",
  "PACKAGE_MANIFEST.productName": "Slack",
  "PACKAGE_MANIFEST.version": "4.29.149",
  "PACKAGE_MANIFEST.commit": "e0f61ad",
  "PACKAGE_MANIFEST.branch": "HEAD"
}
